[2023-06-22T21:04:32.435+0300] {taskinstance.py:1103} INFO - Dependencies all met for dep_context=non-requeueable deps ti=<TaskInstance: car_price_prediction.predict scheduled__2022-06-21T15:00:00+00:00 [queued]>
[2023-06-22T21:04:32.438+0300] {taskinstance.py:1103} INFO - Dependencies all met for dep_context=requeueable deps ti=<TaskInstance: car_price_prediction.predict scheduled__2022-06-21T15:00:00+00:00 [queued]>
[2023-06-22T21:04:32.438+0300] {taskinstance.py:1308} INFO - Starting attempt 1 of 2
[2023-06-22T21:04:32.447+0300] {taskinstance.py:1327} INFO - Executing <Task(PythonOperator): predict> on 2022-06-21 15:00:00+00:00
[2023-06-22T21:04:32.452+0300] {standard_task_runner.py:57} INFO - Started process 11786 to run task
[2023-06-22T21:04:32.455+0300] {standard_task_runner.py:84} INFO - Running: ['airflow', 'tasks', 'run', 'car_price_prediction', 'predict', 'scheduled__2022-06-21T15:00:00+00:00', '--job-id', '29', '--raw', '--subdir', 'DAGS_FOLDER/hw_dag.py', '--cfg-path', '/tmp/tmp5wie6s4t']
[2023-06-22T21:04:32.457+0300] {standard_task_runner.py:85} INFO - Job 29: Subtask predict
[2023-06-22T21:04:32.494+0300] {task_command.py:410} INFO - Running <TaskInstance: car_price_prediction.predict scheduled__2022-06-21T15:00:00+00:00 [running]> on host dmitryAsus
[2023-06-22T21:04:32.534+0300] {taskinstance.py:1545} INFO - Exporting env vars: AIRFLOW_CTX_DAG_OWNER='airflow' AIRFLOW_CTX_DAG_ID='car_price_prediction' AIRFLOW_CTX_TASK_ID='predict' AIRFLOW_CTX_EXECUTION_DATE='2022-06-21T15:00:00+00:00' AIRFLOW_CTX_TRY_NUMBER='1' AIRFLOW_CTX_DAG_RUN_ID='scheduled__2022-06-21T15:00:00+00:00'
[2023-06-22T21:04:32.592+0300] {logging_mixin.py:149} INFO -               pred
car_id            
7310993818     low
7313922964    high
7316152972  medium
7316509996    high
7315173150     low
[2023-06-22T21:04:32.594+0300] {python.py:183} INFO - Done. Returned value was: None
[2023-06-22T21:04:32.596+0300] {taskinstance.py:1345} INFO - Marking task as SUCCESS. dag_id=car_price_prediction, task_id=predict, execution_date=20220621T150000, start_date=20230622T180432, end_date=20230622T180432
[2023-06-22T21:04:32.626+0300] {local_task_job_runner.py:225} INFO - Task exited with return code 0
[2023-06-22T21:04:32.633+0300] {taskinstance.py:2653} INFO - 0 downstream tasks scheduled from follow-on schedule check
